<?xml version="1.0" encoding="UTF-8"?>
<TestRun id="44c31954-aa5b-462b-be6f-752b6c4e641d" name="@dombinator 2017-11-07 19:14:10" xmlns="http://microsoft.com/schemas/VisualStudio/TeamTest/2010">
  <Times creation="2017-11-07T19:14:10.1622037+01:00" queuing="2017-11-07T19:14:10.1622123+01:00" start="2017-11-07T19:14:08.7300845+01:00" finish="2017-11-07T19:14:10.2793962+01:00" />
  <TestSettings name="default" id="dea3c8fe-7dee-4ac3-9e12-a0425be94c4a">
    <Deployment runDeploymentRoot="_dombinator 2017-11-07 19_14_10" />
  </TestSettings>
  <Results>
    <UnitTestResult executionId="5ba4d6e9-fe7d-4bd4-a79a-9e1650bddbd3" testId="748fa487-f215-4fc0-a854-c17ed35ceb6f" testName="Autumn.Mvc.Data.Models.Paginations.PageTest.IsEmptyPage" computerName="dombinator" duration="00:00:00.0150000" startTime="2017-11-07T19:14:09.9853207+01:00" endTime="2017-11-07T19:14:09.9853241+01:00" testType="13cdc9d9-ddb5-4fa4-a97d-d965ccfc6d4b" outcome="Passed" testListId="8c84fa94-04c1-424b-9868-57a2d4851a1d" relativeResultsDirectory="5ba4d6e9-fe7d-4bd4-a79a-9e1650bddbd3" />
    <UnitTestResult executionId="508889ee-0d6d-4f45-b940-1a662489ebf7" testId="ac1360d6-c674-4a2b-92e1-5da9ef59a3fb" testName="Autumn.Mvc.Data.Models.Paginations.PageTest.HasContentAndIsLastPage" computerName="dombinator" duration="00:00:00.0010000" startTime="2017-11-07T19:14:09.9942817+01:00" endTime="2017-11-07T19:14:09.9942834+01:00" testType="13cdc9d9-ddb5-4fa4-a97d-d965ccfc6d4b" outcome="Passed" testListId="8c84fa94-04c1-424b-9868-57a2d4851a1d" relativeResultsDirectory="508889ee-0d6d-4f45-b940-1a662489ebf7" />
    <UnitTestResult executionId="900730d3-637f-483b-8362-a4d1f249dbba" testId="669a980b-d8fa-407e-ba98-9c7ff8e901b4" testName="Autumn.Mvc.Data.Models.Paginations.PageTest.HasContentAndHasPreviousAndHasNext" computerName="dombinator" duration="00:00:00.0010000" startTime="2017-11-07T19:14:09.9944914+01:00" endTime="2017-11-07T19:14:09.9944924+01:00" testType="13cdc9d9-ddb5-4fa4-a97d-d965ccfc6d4b" outcome="Passed" testListId="8c84fa94-04c1-424b-9868-57a2d4851a1d" relativeResultsDirectory="900730d3-637f-483b-8362-a4d1f249dbba" />
    <UnitTestResult executionId="9b0d24c5-5aa1-43ff-9e7a-c34261c1c96d" testId="c2071011-8f64-405a-b4b1-f971956c707b" testName="Autumn.Mvc.Data.Models.Paginations.PageTest.HasContentAndIsFirstPage" computerName="dombinator" duration="00:00:00.0010000" startTime="2017-11-07T19:14:09.9945574+01:00" endTime="2017-11-07T19:14:09.9945581+01:00" testType="13cdc9d9-ddb5-4fa4-a97d-d965ccfc6d4b" outcome="Passed" testListId="8c84fa94-04c1-424b-9868-57a2d4851a1d" relativeResultsDirectory="9b0d24c5-5aa1-43ff-9e7a-c34261c1c96d" />
    <UnitTestResult executionId="6ed496c5-62e7-400a-9ba3-c71e3c76a17e" testId="eed4b214-4012-4fdb-be94-2062581b5b2f" testName="Autumn.Mvc.Data.Models.Queries.LtComparisonOperatorTest.LtNotEnougthArgumentExceptionTest" computerName="dombinator" duration="00:00:00.1120000" startTime="2017-11-07T19:14:10.0758679+01:00" endTime="2017-11-07T19:14:10.0758707+01:00" testType="13cdc9d9-ddb5-4fa4-a97d-d965ccfc6d4b" outcome="Passed" testListId="8c84fa94-04c1-424b-9868-57a2d4851a1d" relativeResultsDirectory="6ed496c5-62e7-400a-9ba3-c71e3c76a17e" />
    <UnitTestResult executionId="7b2e766a-6987-4f7b-aa01-571950cecb9c" testId="b4b3a400-def2-44b2-b1a1-53be51a486fe" testName="Autumn.Mvc.Data.Models.Queries.EqComparisonOperatorTest.EqNotEnougthArgumentTest" computerName="dombinator" duration="00:00:00.1130000" startTime="2017-11-07T19:14:10.0761048+01:00" endTime="2017-11-07T19:14:10.0761065+01:00" testType="13cdc9d9-ddb5-4fa4-a97d-d965ccfc6d4b" outcome="Passed" testListId="8c84fa94-04c1-424b-9868-57a2d4851a1d" relativeResultsDirectory="7b2e766a-6987-4f7b-aa01-571950cecb9c" />
    <UnitTestResult executionId="6e25af55-0fa7-4e22-b1bc-56ced17531fa" testId="c79e70e8-6f80-4329-b4a5-08836fba7f44" testName="Autumn.Mvc.Data.Models.Queries.LtComparisonOperatorTest.LtTooManyArgumentExceptionTest" computerName="dombinator" duration="00:00:00.0020000" startTime="2017-11-07T19:14:10.0776420+01:00" endTime="2017-11-07T19:14:10.0776442+01:00" testType="13cdc9d9-ddb5-4fa4-a97d-d965ccfc6d4b" outcome="Passed" testListId="8c84fa94-04c1-424b-9868-57a2d4851a1d" relativeResultsDirectory="6e25af55-0fa7-4e22-b1bc-56ced17531fa" />
    <UnitTestResult executionId="09110b78-32b7-4d02-9b3e-20703b5a62a2" testId="7ecb4843-cfa2-4d75-a8de-8528a5343f98" testName="Autumn.Mvc.Data.Models.Queries.EqComparisonOperatorTest.EqNullableSingleTest" computerName="dombinator" duration="00:00:00.0030000" startTime="2017-11-07T19:14:10.0794716+01:00" endTime="2017-11-07T19:14:10.0794742+01:00" testType="13cdc9d9-ddb5-4fa4-a97d-d965ccfc6d4b" outcome="Passed" testListId="8c84fa94-04c1-424b-9868-57a2d4851a1d" relativeResultsDirectory="09110b78-32b7-4d02-9b3e-20703b5a62a2" />
    <UnitTestResult executionId="5c7230f3-4e8d-47df-b20a-999909581960" testId="3ed79d11-ce9c-44cd-9bfd-b2019391b9e6" testName="Autumn.Mvc.Data.Models.Queries.LtComparisonOperatorTest.LtInvalidComparatorSelectionExceptionTest" computerName="dombinator" duration="00:00:00.0030000" startTime="2017-11-07T19:14:10.1221978+01:00" endTime="2017-11-07T19:14:10.1221999+01:00" testType="13cdc9d9-ddb5-4fa4-a97d-d965ccfc6d4b" outcome="Passed" testListId="8c84fa94-04c1-424b-9868-57a2d4851a1d" relativeResultsDirectory="5c7230f3-4e8d-47df-b20a-999909581960" />
    <UnitTestResult executionId="8bdfb8e8-fb92-4db1-96b2-c3d8ea65f5dd" testId="177d72a0-52b6-4654-8c43-e5acb4c1627f" testName="Autumn.Mvc.Data.Models.Queries.EqComparisonOperatorTest.EqNullableDatetimeTest" computerName="dombinator" duration="00:00:00.0030000" startTime="2017-11-07T19:14:10.1224766+01:00" endTime="2017-11-07T19:14:10.1224778+01:00" testType="13cdc9d9-ddb5-4fa4-a97d-d965ccfc6d4b" outcome="Passed" testListId="8c84fa94-04c1-424b-9868-57a2d4851a1d" relativeResultsDirectory="8bdfb8e8-fb92-4db1-96b2-c3d8ea65f5dd" />
    <UnitTestResult executionId="ee5f86c1-1866-4079-b935-2ac64bec1e13" testId="a137a569-900e-4f08-97ec-70755013ed70" testName="Autumn.Mvc.Data.Models.Queries.EqComparisonOperatorTest.EqInt16Test" computerName="dombinator" duration="00:00:00.0010000" startTime="2017-11-07T19:14:10.1225278+01:00" endTime="2017-11-07T19:14:10.1225285+01:00" testType="13cdc9d9-ddb5-4fa4-a97d-d965ccfc6d4b" outcome="Passed" testListId="8c84fa94-04c1-424b-9868-57a2d4851a1d" relativeResultsDirectory="ee5f86c1-1866-4079-b935-2ac64bec1e13" />
    <UnitTestResult executionId="d579460d-8a61-4094-8936-bf77e1bfd07a" testId="4f73add1-3346-4243-805d-daac8772c5ce" testName="Autumn.Mvc.Data.Models.Queries.EqComparisonOperatorTest.EqDatetimeTest" computerName="dombinator" duration="00:00:00.0010000" startTime="2017-11-07T19:14:10.1226105+01:00" endTime="2017-11-07T19:14:10.1226114+01:00" testType="13cdc9d9-ddb5-4fa4-a97d-d965ccfc6d4b" outcome="Passed" testListId="8c84fa94-04c1-424b-9868-57a2d4851a1d" relativeResultsDirectory="d579460d-8a61-4094-8936-bf77e1bfd07a" />
    <UnitTestResult executionId="0213b8e6-7f35-4ada-aa1f-44a617e027e6" testId="a018d60e-5b36-47f2-9509-42f09c46b947" testName="Autumn.Mvc.Data.Models.Queries.EqComparisonOperatorTest.EqInt32Test" computerName="dombinator" duration="00:00:00.0010000" startTime="2017-11-07T19:14:10.1226582+01:00" endTime="2017-11-07T19:14:10.1226588+01:00" testType="13cdc9d9-ddb5-4fa4-a97d-d965ccfc6d4b" outcome="Passed" testListId="8c84fa94-04c1-424b-9868-57a2d4851a1d" relativeResultsDirectory="0213b8e6-7f35-4ada-aa1f-44a617e027e6" />
    <UnitTestResult executionId="1f55fd87-6d1e-4aec-a3c5-d50c4b121d63" testId="0c76f403-bb75-47ab-ad80-1d79feac30c0" testName="Autumn.Mvc.Data.Models.Queries.EqComparisonOperatorTest.EqStringTest" computerName="dombinator" duration="00:00:00.0010000" startTime="2017-11-07T19:14:10.1227048+01:00" endTime="2017-11-07T19:14:10.1227054+01:00" testType="13cdc9d9-ddb5-4fa4-a97d-d965ccfc6d4b" outcome="Passed" testListId="8c84fa94-04c1-424b-9868-57a2d4851a1d" relativeResultsDirectory="1f55fd87-6d1e-4aec-a3c5-d50c4b121d63" />
    <UnitTestResult executionId="f645bb6c-6871-4b00-a668-6dadbe7f747d" testId="f0ffb302-6df1-4340-b02f-644582470c1a" testName="Autumn.Mvc.Data.Models.Queries.EqComparisonOperatorTest.EqNullableInt16Test" computerName="dombinator" duration="00:00:00.0010000" startTime="2017-11-07T19:14:10.1227509+01:00" endTime="2017-11-07T19:14:10.1227515+01:00" testType="13cdc9d9-ddb5-4fa4-a97d-d965ccfc6d4b" outcome="Passed" testListId="8c84fa94-04c1-424b-9868-57a2d4851a1d" relativeResultsDirectory="f645bb6c-6871-4b00-a668-6dadbe7f747d" />
    <UnitTestResult executionId="d04ee2a5-694e-4b21-8447-f9128bb8e6d2" testId="52d6269b-53f9-4544-b7b5-2ec72ceacecd" testName="Autumn.Mvc.Data.Models.Queries.EqComparisonOperatorTest.EqNullableDecimalTest" computerName="dombinator" duration="00:00:00.0020000" startTime="2017-11-07T19:14:10.1227958+01:00" endTime="2017-11-07T19:14:10.1227964+01:00" testType="13cdc9d9-ddb5-4fa4-a97d-d965ccfc6d4b" outcome="Passed" testListId="8c84fa94-04c1-424b-9868-57a2d4851a1d" relativeResultsDirectory="d04ee2a5-694e-4b21-8447-f9128bb8e6d2" />
    <UnitTestResult executionId="2fb51d0e-16d9-49e4-9c45-baa66a42a4ee" testId="be1e5e01-9aea-42be-98e6-01be653eb93c" testName="Autumn.Mvc.Data.Models.Queries.EqComparisonOperatorTest.EqNotEnougthArgumentExceptionTest" computerName="dombinator" duration="00:00:00.0030000" startTime="2017-11-07T19:14:10.1228406+01:00" endTime="2017-11-07T19:14:10.1228412+01:00" testType="13cdc9d9-ddb5-4fa4-a97d-d965ccfc6d4b" outcome="Passed" testListId="8c84fa94-04c1-424b-9868-57a2d4851a1d" relativeResultsDirectory="2fb51d0e-16d9-49e4-9c45-baa66a42a4ee" />
    <UnitTestResult executionId="879e0993-dec4-4011-a959-0e15fb8307e2" testId="66ea9ddd-64ee-4945-b472-09820ea761b3" testName="Autumn.Mvc.Data.Models.Queries.EqComparisonOperatorTest.EqNullableInt64Test" computerName="dombinator" duration="00:00:00.0010000" startTime="2017-11-07T19:14:10.1239615+01:00" endTime="2017-11-07T19:14:10.1239624+01:00" testType="13cdc9d9-ddb5-4fa4-a97d-d965ccfc6d4b" outcome="Passed" testListId="8c84fa94-04c1-424b-9868-57a2d4851a1d" relativeResultsDirectory="879e0993-dec4-4011-a959-0e15fb8307e2" />
    <UnitTestResult executionId="cca9b320-02de-4629-96e0-554b2dcce0d5" testId="b20c2926-9dc0-41d8-97dc-bbe5c8f66b20" testName="Autumn.Mvc.Data.Models.Queries.EqComparisonOperatorTest.EqDecimalTest" computerName="dombinator" duration="00:00:00.0010000" startTime="2017-11-07T19:14:10.1240117+01:00" endTime="2017-11-07T19:14:10.1240123+01:00" testType="13cdc9d9-ddb5-4fa4-a97d-d965ccfc6d4b" outcome="Passed" testListId="8c84fa94-04c1-424b-9868-57a2d4851a1d" relativeResultsDirectory="cca9b320-02de-4629-96e0-554b2dcce0d5" />
    <UnitTestResult executionId="108b0dbb-0a76-452c-b166-f8c7eb047714" testId="a6adde88-d13b-4ab9-810d-7f055b2e332c" testName="Autumn.Mvc.Data.Models.Queries.EqComparisonOperatorTest.EqNullableDoubleTest" computerName="dombinator" duration="00:00:00.0040000" startTime="2017-11-07T19:14:10.1240578+01:00" endTime="2017-11-07T19:14:10.1240584+01:00" testType="13cdc9d9-ddb5-4fa4-a97d-d965ccfc6d4b" outcome="Passed" testListId="8c84fa94-04c1-424b-9868-57a2d4851a1d" relativeResultsDirectory="108b0dbb-0a76-452c-b166-f8c7eb047714" />
    <UnitTestResult executionId="cc3cc3f8-e7e5-47d6-987b-6e794584d642" testId="1eae842b-d964-4d47-8b87-1e9330a6b483" testName="Autumn.Mvc.Data.Models.Queries.EqComparisonOperatorTest.EqSingleTest" computerName="dombinator" duration="00:00:00.0010000" startTime="2017-11-07T19:14:10.1241027+01:00" endTime="2017-11-07T19:14:10.1241033+01:00" testType="13cdc9d9-ddb5-4fa4-a97d-d965ccfc6d4b" outcome="Passed" testListId="8c84fa94-04c1-424b-9868-57a2d4851a1d" relativeResultsDirectory="cc3cc3f8-e7e5-47d6-987b-6e794584d642" />
    <UnitTestResult executionId="ed41de56-caed-4930-b2a0-a58b1b300e84" testId="b1b35a7e-3afa-46e3-9d07-6df13158a057" testName="Autumn.Mvc.Data.Models.Queries.EqComparisonOperatorTest.EqNullableInt32Test" computerName="dombinator" duration="00:00:00.0010000" startTime="2017-11-07T19:14:10.1241475+01:00" endTime="2017-11-07T19:14:10.1241482+01:00" testType="13cdc9d9-ddb5-4fa4-a97d-d965ccfc6d4b" outcome="Passed" testListId="8c84fa94-04c1-424b-9868-57a2d4851a1d" relativeResultsDirectory="ed41de56-caed-4930-b2a0-a58b1b300e84" />
    <UnitTestResult executionId="e4097885-df76-4bbf-bf30-0a5a7e4f2ba5" testId="79257b66-632a-4c02-b586-2cb2159ef7b7" testName="Autumn.Mvc.Data.Models.Queries.EqComparisonOperatorTest.EqInt64Test" computerName="dombinator" duration="00:00:00.0010000" startTime="2017-11-07T19:14:10.1241929+01:00" endTime="2017-11-07T19:14:10.1241935+01:00" testType="13cdc9d9-ddb5-4fa4-a97d-d965ccfc6d4b" outcome="Passed" testListId="8c84fa94-04c1-424b-9868-57a2d4851a1d" relativeResultsDirectory="e4097885-df76-4bbf-bf30-0a5a7e4f2ba5" />
    <UnitTestResult executionId="fc94048e-cc6f-4ebb-8975-bac3a32939e6" testId="7069285f-b46c-421d-994a-fe9548e5931d" testName="Autumn.Mvc.Data.Models.Queries.EqComparisonOperatorTest.EqDoubleTest" computerName="dombinator" duration="00:00:00.0010000" startTime="2017-11-07T19:14:10.1242384+01:00" endTime="2017-11-07T19:14:10.1242390+01:00" testType="13cdc9d9-ddb5-4fa4-a97d-d965ccfc6d4b" outcome="Passed" testListId="8c84fa94-04c1-424b-9868-57a2d4851a1d" relativeResultsDirectory="fc94048e-cc6f-4ebb-8975-bac3a32939e6" />
  </Results>
  <TestDefinitions>
    <UnitTest name="Autumn.Mvc.Data.Models.Paginations.PageTest.IsEmptyPage" storage="/data/ggarnier/perso/autumn.data.rest/src/autumn.mvc.data.tests/bin/debug/netcoreapp2.0/autumn.mvc.data.tests.dll" id="748fa487-f215-4fc0-a854-c17ed35ceb6f">
      <Execution id="5ba4d6e9-fe7d-4bd4-a79a-9e1650bddbd3" />
      <TestMethod codeBase="/data/ggarnier/perso/autumn.data.rest/src/Autumn.Mvc.Data.Tests/bin/Debug/netcoreapp2.0/Autumn.Mvc.Data.Tests.dll" executorUriOfAdapter="executor://xunit/VsTestRunner2" className="Autumn.Mvc.Data.Models.Paginations.PageTest" name="Autumn.Mvc.Data.Models.Paginations.PageTest.IsEmptyPage" />
    </UnitTest>
    <UnitTest name="Autumn.Mvc.Data.Models.Paginations.PageTest.HasContentAndIsLastPage" storage="/data/ggarnier/perso/autumn.data.rest/src/autumn.mvc.data.tests/bin/debug/netcoreapp2.0/autumn.mvc.data.tests.dll" id="ac1360d6-c674-4a2b-92e1-5da9ef59a3fb">
      <Execution id="508889ee-0d6d-4f45-b940-1a662489ebf7" />
      <TestMethod codeBase="/data/ggarnier/perso/autumn.data.rest/src/Autumn.Mvc.Data.Tests/bin/Debug/netcoreapp2.0/Autumn.Mvc.Data.Tests.dll" executorUriOfAdapter="executor://xunit/VsTestRunner2" className="Autumn.Mvc.Data.Models.Paginations.PageTest" name="Autumn.Mvc.Data.Models.Paginations.PageTest.HasContentAndIsLastPage" />
    </UnitTest>
    <UnitTest name="Autumn.Mvc.Data.Models.Paginations.PageTest.HasContentAndHasPreviousAndHasNext" storage="/data/ggarnier/perso/autumn.data.rest/src/autumn.mvc.data.tests/bin/debug/netcoreapp2.0/autumn.mvc.data.tests.dll" id="669a980b-d8fa-407e-ba98-9c7ff8e901b4">
      <Execution id="900730d3-637f-483b-8362-a4d1f249dbba" />
      <TestMethod codeBase="/data/ggarnier/perso/autumn.data.rest/src/Autumn.Mvc.Data.Tests/bin/Debug/netcoreapp2.0/Autumn.Mvc.Data.Tests.dll" executorUriOfAdapter="executor://xunit/VsTestRunner2" className="Autumn.Mvc.Data.Models.Paginations.PageTest" name="Autumn.Mvc.Data.Models.Paginations.PageTest.HasContentAndHasPreviousAndHasNext" />
    </UnitTest>
    <UnitTest name="Autumn.Mvc.Data.Models.Paginations.PageTest.HasContentAndIsFirstPage" storage="/data/ggarnier/perso/autumn.data.rest/src/autumn.mvc.data.tests/bin/debug/netcoreapp2.0/autumn.mvc.data.tests.dll" id="c2071011-8f64-405a-b4b1-f971956c707b">
      <Execution id="9b0d24c5-5aa1-43ff-9e7a-c34261c1c96d" />
      <TestMethod codeBase="/data/ggarnier/perso/autumn.data.rest/src/Autumn.Mvc.Data.Tests/bin/Debug/netcoreapp2.0/Autumn.Mvc.Data.Tests.dll" executorUriOfAdapter="executor://xunit/VsTestRunner2" className="Autumn.Mvc.Data.Models.Paginations.PageTest" name="Autumn.Mvc.Data.Models.Paginations.PageTest.HasContentAndIsFirstPage" />
    </UnitTest>
    <UnitTest name="Autumn.Mvc.Data.Models.Queries.LtComparisonOperatorTest.LtNotEnougthArgumentExceptionTest" storage="/data/ggarnier/perso/autumn.data.rest/src/autumn.mvc.data.tests/bin/debug/netcoreapp2.0/autumn.mvc.data.tests.dll" id="eed4b214-4012-4fdb-be94-2062581b5b2f">
      <Execution id="6ed496c5-62e7-400a-9ba3-c71e3c76a17e" />
      <TestMethod codeBase="/data/ggarnier/perso/autumn.data.rest/src/Autumn.Mvc.Data.Tests/bin/Debug/netcoreapp2.0/Autumn.Mvc.Data.Tests.dll" executorUriOfAdapter="executor://xunit/VsTestRunner2" className="Autumn.Mvc.Data.Models.Queries.LtComparisonOperatorTest" name="Autumn.Mvc.Data.Models.Queries.LtComparisonOperatorTest.LtNotEnougthArgumentExceptionTest" />
    </UnitTest>
    <UnitTest name="Autumn.Mvc.Data.Models.Queries.EqComparisonOperatorTest.EqNotEnougthArgumentTest" storage="/data/ggarnier/perso/autumn.data.rest/src/autumn.mvc.data.tests/bin/debug/netcoreapp2.0/autumn.mvc.data.tests.dll" id="b4b3a400-def2-44b2-b1a1-53be51a486fe">
      <Execution id="7b2e766a-6987-4f7b-aa01-571950cecb9c" />
      <TestMethod codeBase="/data/ggarnier/perso/autumn.data.rest/src/Autumn.Mvc.Data.Tests/bin/Debug/netcoreapp2.0/Autumn.Mvc.Data.Tests.dll" executorUriOfAdapter="executor://xunit/VsTestRunner2" className="Autumn.Mvc.Data.Models.Queries.EqComparisonOperatorTest" name="Autumn.Mvc.Data.Models.Queries.EqComparisonOperatorTest.EqNotEnougthArgumentTest" />
    </UnitTest>
    <UnitTest name="Autumn.Mvc.Data.Models.Queries.LtComparisonOperatorTest.LtTooManyArgumentExceptionTest" storage="/data/ggarnier/perso/autumn.data.rest/src/autumn.mvc.data.tests/bin/debug/netcoreapp2.0/autumn.mvc.data.tests.dll" id="c79e70e8-6f80-4329-b4a5-08836fba7f44">
      <Execution id="6e25af55-0fa7-4e22-b1bc-56ced17531fa" />
      <TestMethod codeBase="/data/ggarnier/perso/autumn.data.rest/src/Autumn.Mvc.Data.Tests/bin/Debug/netcoreapp2.0/Autumn.Mvc.Data.Tests.dll" executorUriOfAdapter="executor://xunit/VsTestRunner2" className="Autumn.Mvc.Data.Models.Queries.LtComparisonOperatorTest" name="Autumn.Mvc.Data.Models.Queries.LtComparisonOperatorTest.LtTooManyArgumentExceptionTest" />
    </UnitTest>
    <UnitTest name="Autumn.Mvc.Data.Models.Queries.EqComparisonOperatorTest.EqNullableSingleTest" storage="/data/ggarnier/perso/autumn.data.rest/src/autumn.mvc.data.tests/bin/debug/netcoreapp2.0/autumn.mvc.data.tests.dll" id="7ecb4843-cfa2-4d75-a8de-8528a5343f98">
      <Execution id="09110b78-32b7-4d02-9b3e-20703b5a62a2" />
      <TestMethod codeBase="/data/ggarnier/perso/autumn.data.rest/src/Autumn.Mvc.Data.Tests/bin/Debug/netcoreapp2.0/Autumn.Mvc.Data.Tests.dll" executorUriOfAdapter="executor://xunit/VsTestRunner2" className="Autumn.Mvc.Data.Models.Queries.EqComparisonOperatorTest" name="Autumn.Mvc.Data.Models.Queries.EqComparisonOperatorTest.EqNullableSingleTest" />
    </UnitTest>
    <UnitTest name="Autumn.Mvc.Data.Models.Queries.LtComparisonOperatorTest.LtInvalidComparatorSelectionExceptionTest" storage="/data/ggarnier/perso/autumn.data.rest/src/autumn.mvc.data.tests/bin/debug/netcoreapp2.0/autumn.mvc.data.tests.dll" id="3ed79d11-ce9c-44cd-9bfd-b2019391b9e6">
      <Execution id="5c7230f3-4e8d-47df-b20a-999909581960" />
      <TestMethod codeBase="/data/ggarnier/perso/autumn.data.rest/src/Autumn.Mvc.Data.Tests/bin/Debug/netcoreapp2.0/Autumn.Mvc.Data.Tests.dll" executorUriOfAdapter="executor://xunit/VsTestRunner2" className="Autumn.Mvc.Data.Models.Queries.LtComparisonOperatorTest" name="Autumn.Mvc.Data.Models.Queries.LtComparisonOperatorTest.LtInvalidComparatorSelectionExceptionTest" />
    </UnitTest>
    <UnitTest name="Autumn.Mvc.Data.Models.Queries.EqComparisonOperatorTest.EqNullableDatetimeTest" storage="/data/ggarnier/perso/autumn.data.rest/src/autumn.mvc.data.tests/bin/debug/netcoreapp2.0/autumn.mvc.data.tests.dll" id="177d72a0-52b6-4654-8c43-e5acb4c1627f">
      <Execution id="8bdfb8e8-fb92-4db1-96b2-c3d8ea65f5dd" />
      <TestMethod codeBase="/data/ggarnier/perso/autumn.data.rest/src/Autumn.Mvc.Data.Tests/bin/Debug/netcoreapp2.0/Autumn.Mvc.Data.Tests.dll" executorUriOfAdapter="executor://xunit/VsTestRunner2" className="Autumn.Mvc.Data.Models.Queries.EqComparisonOperatorTest" name="Autumn.Mvc.Data.Models.Queries.EqComparisonOperatorTest.EqNullableDatetimeTest" />
    </UnitTest>
    <UnitTest name="Autumn.Mvc.Data.Models.Queries.EqComparisonOperatorTest.EqInt16Test" storage="/data/ggarnier/perso/autumn.data.rest/src/autumn.mvc.data.tests/bin/debug/netcoreapp2.0/autumn.mvc.data.tests.dll" id="a137a569-900e-4f08-97ec-70755013ed70">
      <Execution id="ee5f86c1-1866-4079-b935-2ac64bec1e13" />
      <TestMethod codeBase="/data/ggarnier/perso/autumn.data.rest/src/Autumn.Mvc.Data.Tests/bin/Debug/netcoreapp2.0/Autumn.Mvc.Data.Tests.dll" executorUriOfAdapter="executor://xunit/VsTestRunner2" className="Autumn.Mvc.Data.Models.Queries.EqComparisonOperatorTest" name="Autumn.Mvc.Data.Models.Queries.EqComparisonOperatorTest.EqInt16Test" />
    </UnitTest>
    <UnitTest name="Autumn.Mvc.Data.Models.Queries.EqComparisonOperatorTest.EqDatetimeTest" storage="/data/ggarnier/perso/autumn.data.rest/src/autumn.mvc.data.tests/bin/debug/netcoreapp2.0/autumn.mvc.data.tests.dll" id="4f73add1-3346-4243-805d-daac8772c5ce">
      <Execution id="d579460d-8a61-4094-8936-bf77e1bfd07a" />
      <TestMethod codeBase="/data/ggarnier/perso/autumn.data.rest/src/Autumn.Mvc.Data.Tests/bin/Debug/netcoreapp2.0/Autumn.Mvc.Data.Tests.dll" executorUriOfAdapter="executor://xunit/VsTestRunner2" className="Autumn.Mvc.Data.Models.Queries.EqComparisonOperatorTest" name="Autumn.Mvc.Data.Models.Queries.EqComparisonOperatorTest.EqDatetimeTest" />
    </UnitTest>
    <UnitTest name="Autumn.Mvc.Data.Models.Queries.EqComparisonOperatorTest.EqInt32Test" storage="/data/ggarnier/perso/autumn.data.rest/src/autumn.mvc.data.tests/bin/debug/netcoreapp2.0/autumn.mvc.data.tests.dll" id="a018d60e-5b36-47f2-9509-42f09c46b947">
      <Execution id="0213b8e6-7f35-4ada-aa1f-44a617e027e6" />
      <TestMethod codeBase="/data/ggarnier/perso/autumn.data.rest/src/Autumn.Mvc.Data.Tests/bin/Debug/netcoreapp2.0/Autumn.Mvc.Data.Tests.dll" executorUriOfAdapter="executor://xunit/VsTestRunner2" className="Autumn.Mvc.Data.Models.Queries.EqComparisonOperatorTest" name="Autumn.Mvc.Data.Models.Queries.EqComparisonOperatorTest.EqInt32Test" />
    </UnitTest>
    <UnitTest name="Autumn.Mvc.Data.Models.Queries.EqComparisonOperatorTest.EqStringTest" storage="/data/ggarnier/perso/autumn.data.rest/src/autumn.mvc.data.tests/bin/debug/netcoreapp2.0/autumn.mvc.data.tests.dll" id="0c76f403-bb75-47ab-ad80-1d79feac30c0">
      <Execution id="1f55fd87-6d1e-4aec-a3c5-d50c4b121d63" />
      <TestMethod codeBase="/data/ggarnier/perso/autumn.data.rest/src/Autumn.Mvc.Data.Tests/bin/Debug/netcoreapp2.0/Autumn.Mvc.Data.Tests.dll" executorUriOfAdapter="executor://xunit/VsTestRunner2" className="Autumn.Mvc.Data.Models.Queries.EqComparisonOperatorTest" name="Autumn.Mvc.Data.Models.Queries.EqComparisonOperatorTest.EqStringTest" />
    </UnitTest>
    <UnitTest name="Autumn.Mvc.Data.Models.Queries.EqComparisonOperatorTest.EqNullableInt16Test" storage="/data/ggarnier/perso/autumn.data.rest/src/autumn.mvc.data.tests/bin/debug/netcoreapp2.0/autumn.mvc.data.tests.dll" id="f0ffb302-6df1-4340-b02f-644582470c1a">
      <Execution id="f645bb6c-6871-4b00-a668-6dadbe7f747d" />
      <TestMethod codeBase="/data/ggarnier/perso/autumn.data.rest/src/Autumn.Mvc.Data.Tests/bin/Debug/netcoreapp2.0/Autumn.Mvc.Data.Tests.dll" executorUriOfAdapter="executor://xunit/VsTestRunner2" className="Autumn.Mvc.Data.Models.Queries.EqComparisonOperatorTest" name="Autumn.Mvc.Data.Models.Queries.EqComparisonOperatorTest.EqNullableInt16Test" />
    </UnitTest>
    <UnitTest name="Autumn.Mvc.Data.Models.Queries.EqComparisonOperatorTest.EqNullableDecimalTest" storage="/data/ggarnier/perso/autumn.data.rest/src/autumn.mvc.data.tests/bin/debug/netcoreapp2.0/autumn.mvc.data.tests.dll" id="52d6269b-53f9-4544-b7b5-2ec72ceacecd">
      <Execution id="d04ee2a5-694e-4b21-8447-f9128bb8e6d2" />
      <TestMethod codeBase="/data/ggarnier/perso/autumn.data.rest/src/Autumn.Mvc.Data.Tests/bin/Debug/netcoreapp2.0/Autumn.Mvc.Data.Tests.dll" executorUriOfAdapter="executor://xunit/VsTestRunner2" className="Autumn.Mvc.Data.Models.Queries.EqComparisonOperatorTest" name="Autumn.Mvc.Data.Models.Queries.EqComparisonOperatorTest.EqNullableDecimalTest" />
    </UnitTest>
    <UnitTest name="Autumn.Mvc.Data.Models.Queries.EqComparisonOperatorTest.EqNotEnougthArgumentExceptionTest" storage="/data/ggarnier/perso/autumn.data.rest/src/autumn.mvc.data.tests/bin/debug/netcoreapp2.0/autumn.mvc.data.tests.dll" id="be1e5e01-9aea-42be-98e6-01be653eb93c">
      <Execution id="2fb51d0e-16d9-49e4-9c45-baa66a42a4ee" />
      <TestMethod codeBase="/data/ggarnier/perso/autumn.data.rest/src/Autumn.Mvc.Data.Tests/bin/Debug/netcoreapp2.0/Autumn.Mvc.Data.Tests.dll" executorUriOfAdapter="executor://xunit/VsTestRunner2" className="Autumn.Mvc.Data.Models.Queries.EqComparisonOperatorTest" name="Autumn.Mvc.Data.Models.Queries.EqComparisonOperatorTest.EqNotEnougthArgumentExceptionTest" />
    </UnitTest>
    <UnitTest name="Autumn.Mvc.Data.Models.Queries.EqComparisonOperatorTest.EqNullableInt64Test" storage="/data/ggarnier/perso/autumn.data.rest/src/autumn.mvc.data.tests/bin/debug/netcoreapp2.0/autumn.mvc.data.tests.dll" id="66ea9ddd-64ee-4945-b472-09820ea761b3">
      <Execution id="879e0993-dec4-4011-a959-0e15fb8307e2" />
      <TestMethod codeBase="/data/ggarnier/perso/autumn.data.rest/src/Autumn.Mvc.Data.Tests/bin/Debug/netcoreapp2.0/Autumn.Mvc.Data.Tests.dll" executorUriOfAdapter="executor://xunit/VsTestRunner2" className="Autumn.Mvc.Data.Models.Queries.EqComparisonOperatorTest" name="Autumn.Mvc.Data.Models.Queries.EqComparisonOperatorTest.EqNullableInt64Test" />
    </UnitTest>
    <UnitTest name="Autumn.Mvc.Data.Models.Queries.EqComparisonOperatorTest.EqDecimalTest" storage="/data/ggarnier/perso/autumn.data.rest/src/autumn.mvc.data.tests/bin/debug/netcoreapp2.0/autumn.mvc.data.tests.dll" id="b20c2926-9dc0-41d8-97dc-bbe5c8f66b20">
      <Execution id="cca9b320-02de-4629-96e0-554b2dcce0d5" />
      <TestMethod codeBase="/data/ggarnier/perso/autumn.data.rest/src/Autumn.Mvc.Data.Tests/bin/Debug/netcoreapp2.0/Autumn.Mvc.Data.Tests.dll" executorUriOfAdapter="executor://xunit/VsTestRunner2" className="Autumn.Mvc.Data.Models.Queries.EqComparisonOperatorTest" name="Autumn.Mvc.Data.Models.Queries.EqComparisonOperatorTest.EqDecimalTest" />
    </UnitTest>
    <UnitTest name="Autumn.Mvc.Data.Models.Queries.EqComparisonOperatorTest.EqNullableDoubleTest" storage="/data/ggarnier/perso/autumn.data.rest/src/autumn.mvc.data.tests/bin/debug/netcoreapp2.0/autumn.mvc.data.tests.dll" id="a6adde88-d13b-4ab9-810d-7f055b2e332c">
      <Execution id="108b0dbb-0a76-452c-b166-f8c7eb047714" />
      <TestMethod codeBase="/data/ggarnier/perso/autumn.data.rest/src/Autumn.Mvc.Data.Tests/bin/Debug/netcoreapp2.0/Autumn.Mvc.Data.Tests.dll" executorUriOfAdapter="executor://xunit/VsTestRunner2" className="Autumn.Mvc.Data.Models.Queries.EqComparisonOperatorTest" name="Autumn.Mvc.Data.Models.Queries.EqComparisonOperatorTest.EqNullableDoubleTest" />
    </UnitTest>
    <UnitTest name="Autumn.Mvc.Data.Models.Queries.EqComparisonOperatorTest.EqSingleTest" storage="/data/ggarnier/perso/autumn.data.rest/src/autumn.mvc.data.tests/bin/debug/netcoreapp2.0/autumn.mvc.data.tests.dll" id="1eae842b-d964-4d47-8b87-1e9330a6b483">
      <Execution id="cc3cc3f8-e7e5-47d6-987b-6e794584d642" />
      <TestMethod codeBase="/data/ggarnier/perso/autumn.data.rest/src/Autumn.Mvc.Data.Tests/bin/Debug/netcoreapp2.0/Autumn.Mvc.Data.Tests.dll" executorUriOfAdapter="executor://xunit/VsTestRunner2" className="Autumn.Mvc.Data.Models.Queries.EqComparisonOperatorTest" name="Autumn.Mvc.Data.Models.Queries.EqComparisonOperatorTest.EqSingleTest" />
    </UnitTest>
    <UnitTest name="Autumn.Mvc.Data.Models.Queries.EqComparisonOperatorTest.EqNullableInt32Test" storage="/data/ggarnier/perso/autumn.data.rest/src/autumn.mvc.data.tests/bin/debug/netcoreapp2.0/autumn.mvc.data.tests.dll" id="b1b35a7e-3afa-46e3-9d07-6df13158a057">
      <Execution id="ed41de56-caed-4930-b2a0-a58b1b300e84" />
      <TestMethod codeBase="/data/ggarnier/perso/autumn.data.rest/src/Autumn.Mvc.Data.Tests/bin/Debug/netcoreapp2.0/Autumn.Mvc.Data.Tests.dll" executorUriOfAdapter="executor://xunit/VsTestRunner2" className="Autumn.Mvc.Data.Models.Queries.EqComparisonOperatorTest" name="Autumn.Mvc.Data.Models.Queries.EqComparisonOperatorTest.EqNullableInt32Test" />
    </UnitTest>
    <UnitTest name="Autumn.Mvc.Data.Models.Queries.EqComparisonOperatorTest.EqInt64Test" storage="/data/ggarnier/perso/autumn.data.rest/src/autumn.mvc.data.tests/bin/debug/netcoreapp2.0/autumn.mvc.data.tests.dll" id="79257b66-632a-4c02-b586-2cb2159ef7b7">
      <Execution id="e4097885-df76-4bbf-bf30-0a5a7e4f2ba5" />
      <TestMethod codeBase="/data/ggarnier/perso/autumn.data.rest/src/Autumn.Mvc.Data.Tests/bin/Debug/netcoreapp2.0/Autumn.Mvc.Data.Tests.dll" executorUriOfAdapter="executor://xunit/VsTestRunner2" className="Autumn.Mvc.Data.Models.Queries.EqComparisonOperatorTest" name="Autumn.Mvc.Data.Models.Queries.EqComparisonOperatorTest.EqInt64Test" />
    </UnitTest>
    <UnitTest name="Autumn.Mvc.Data.Models.Queries.EqComparisonOperatorTest.EqDoubleTest" storage="/data/ggarnier/perso/autumn.data.rest/src/autumn.mvc.data.tests/bin/debug/netcoreapp2.0/autumn.mvc.data.tests.dll" id="7069285f-b46c-421d-994a-fe9548e5931d">
      <Execution id="fc94048e-cc6f-4ebb-8975-bac3a32939e6" />
      <TestMethod codeBase="/data/ggarnier/perso/autumn.data.rest/src/Autumn.Mvc.Data.Tests/bin/Debug/netcoreapp2.0/Autumn.Mvc.Data.Tests.dll" executorUriOfAdapter="executor://xunit/VsTestRunner2" className="Autumn.Mvc.Data.Models.Queries.EqComparisonOperatorTest" name="Autumn.Mvc.Data.Models.Queries.EqComparisonOperatorTest.EqDoubleTest" />
    </UnitTest>
  </TestDefinitions>
  <TestEntries>
    <TestEntry testId="748fa487-f215-4fc0-a854-c17ed35ceb6f" executionId="5ba4d6e9-fe7d-4bd4-a79a-9e1650bddbd3" testListId="8c84fa94-04c1-424b-9868-57a2d4851a1d" />
    <TestEntry testId="ac1360d6-c674-4a2b-92e1-5da9ef59a3fb" executionId="508889ee-0d6d-4f45-b940-1a662489ebf7" testListId="8c84fa94-04c1-424b-9868-57a2d4851a1d" />
    <TestEntry testId="669a980b-d8fa-407e-ba98-9c7ff8e901b4" executionId="900730d3-637f-483b-8362-a4d1f249dbba" testListId="8c84fa94-04c1-424b-9868-57a2d4851a1d" />
    <TestEntry testId="c2071011-8f64-405a-b4b1-f971956c707b" executionId="9b0d24c5-5aa1-43ff-9e7a-c34261c1c96d" testListId="8c84fa94-04c1-424b-9868-57a2d4851a1d" />
    <TestEntry testId="eed4b214-4012-4fdb-be94-2062581b5b2f" executionId="6ed496c5-62e7-400a-9ba3-c71e3c76a17e" testListId="8c84fa94-04c1-424b-9868-57a2d4851a1d" />
    <TestEntry testId="b4b3a400-def2-44b2-b1a1-53be51a486fe" executionId="7b2e766a-6987-4f7b-aa01-571950cecb9c" testListId="8c84fa94-04c1-424b-9868-57a2d4851a1d" />
    <TestEntry testId="c79e70e8-6f80-4329-b4a5-08836fba7f44" executionId="6e25af55-0fa7-4e22-b1bc-56ced17531fa" testListId="8c84fa94-04c1-424b-9868-57a2d4851a1d" />
    <TestEntry testId="7ecb4843-cfa2-4d75-a8de-8528a5343f98" executionId="09110b78-32b7-4d02-9b3e-20703b5a62a2" testListId="8c84fa94-04c1-424b-9868-57a2d4851a1d" />
    <TestEntry testId="3ed79d11-ce9c-44cd-9bfd-b2019391b9e6" executionId="5c7230f3-4e8d-47df-b20a-999909581960" testListId="8c84fa94-04c1-424b-9868-57a2d4851a1d" />
    <TestEntry testId="177d72a0-52b6-4654-8c43-e5acb4c1627f" executionId="8bdfb8e8-fb92-4db1-96b2-c3d8ea65f5dd" testListId="8c84fa94-04c1-424b-9868-57a2d4851a1d" />
    <TestEntry testId="a137a569-900e-4f08-97ec-70755013ed70" executionId="ee5f86c1-1866-4079-b935-2ac64bec1e13" testListId="8c84fa94-04c1-424b-9868-57a2d4851a1d" />
    <TestEntry testId="4f73add1-3346-4243-805d-daac8772c5ce" executionId="d579460d-8a61-4094-8936-bf77e1bfd07a" testListId="8c84fa94-04c1-424b-9868-57a2d4851a1d" />
    <TestEntry testId="a018d60e-5b36-47f2-9509-42f09c46b947" executionId="0213b8e6-7f35-4ada-aa1f-44a617e027e6" testListId="8c84fa94-04c1-424b-9868-57a2d4851a1d" />
    <TestEntry testId="0c76f403-bb75-47ab-ad80-1d79feac30c0" executionId="1f55fd87-6d1e-4aec-a3c5-d50c4b121d63" testListId="8c84fa94-04c1-424b-9868-57a2d4851a1d" />
    <TestEntry testId="f0ffb302-6df1-4340-b02f-644582470c1a" executionId="f645bb6c-6871-4b00-a668-6dadbe7f747d" testListId="8c84fa94-04c1-424b-9868-57a2d4851a1d" />
    <TestEntry testId="52d6269b-53f9-4544-b7b5-2ec72ceacecd" executionId="d04ee2a5-694e-4b21-8447-f9128bb8e6d2" testListId="8c84fa94-04c1-424b-9868-57a2d4851a1d" />
    <TestEntry testId="be1e5e01-9aea-42be-98e6-01be653eb93c" executionId="2fb51d0e-16d9-49e4-9c45-baa66a42a4ee" testListId="8c84fa94-04c1-424b-9868-57a2d4851a1d" />
    <TestEntry testId="66ea9ddd-64ee-4945-b472-09820ea761b3" executionId="879e0993-dec4-4011-a959-0e15fb8307e2" testListId="8c84fa94-04c1-424b-9868-57a2d4851a1d" />
    <TestEntry testId="b20c2926-9dc0-41d8-97dc-bbe5c8f66b20" executionId="cca9b320-02de-4629-96e0-554b2dcce0d5" testListId="8c84fa94-04c1-424b-9868-57a2d4851a1d" />
    <TestEntry testId="a6adde88-d13b-4ab9-810d-7f055b2e332c" executionId="108b0dbb-0a76-452c-b166-f8c7eb047714" testListId="8c84fa94-04c1-424b-9868-57a2d4851a1d" />
    <TestEntry testId="1eae842b-d964-4d47-8b87-1e9330a6b483" executionId="cc3cc3f8-e7e5-47d6-987b-6e794584d642" testListId="8c84fa94-04c1-424b-9868-57a2d4851a1d" />
    <TestEntry testId="b1b35a7e-3afa-46e3-9d07-6df13158a057" executionId="ed41de56-caed-4930-b2a0-a58b1b300e84" testListId="8c84fa94-04c1-424b-9868-57a2d4851a1d" />
    <TestEntry testId="79257b66-632a-4c02-b586-2cb2159ef7b7" executionId="e4097885-df76-4bbf-bf30-0a5a7e4f2ba5" testListId="8c84fa94-04c1-424b-9868-57a2d4851a1d" />
    <TestEntry testId="7069285f-b46c-421d-994a-fe9548e5931d" executionId="fc94048e-cc6f-4ebb-8975-bac3a32939e6" testListId="8c84fa94-04c1-424b-9868-57a2d4851a1d" />
  </TestEntries>
  <TestLists>
    <TestList name="Les résultats ne figurent pas dans une liste" id="8c84fa94-04c1-424b-9868-57a2d4851a1d" />
    <TestList name="Tous les résultats chargés" id="19431567-8539-422a-85d7-44ee4e166bda" />
  </TestLists>
  <ResultSummary outcome="Completed">
    <Counters total="24" executed="24" passed="24" failed="0" error="0" timeout="0" aborted="0" inconclusive="0" passedButRunAborted="0" notRunnable="0" notExecuted="0" disconnected="0" warning="0" completed="0" inProgress="0" pending="0" />
    <Output>
      <StdOut>[xUnit.net 00:00:00.6000837]   Discovering: Autumn.Mvc.Data.Tests[xUnit.net 00:00:00.6823406]   Discovered:  Autumn.Mvc.Data.Tests[xUnit.net 00:00:00.7463958]   Starting:    Autumn.Mvc.Data.Tests[xUnit.net 00:00:01.0316587]   Finished:    Autumn.Mvc.Data.Tests</StdOut>
    </Output>
  </ResultSummary>
</TestRun>